{
  "RSpec": {
    "coverage": {
      "/Users/jackyeh/Desktop/hackers_education/Turing/projects/tiny_house_dash/config/environment.rb": [
        null,
        1,
        null,
        null,
        1
      ],
      "/Users/jackyeh/Desktop/hackers_education/Turing/projects/tiny_house_dash/config/application.rb": [
        1,
        null,
        1,
        null,
        1,
        1,
        1,
        1,
        1,
        1,
        1,
        null,
        null,
        null,
        null,
        1,
        null,
        1,
        1,
        null,
        null,
        null,
        null,
        null,
        null,
        null,
        null,
        null,
        null,
        null,
        null,
        null,
        1,
        null,
        null
      ],
      "/Users/jackyeh/Desktop/hackers_education/Turing/projects/tiny_house_dash/config/boot.rb": [
        1,
        null,
        1
      ],
      "/Users/jackyeh/Desktop/hackers_education/Turing/projects/tiny_house_dash/config/environments/test.rb": [
        1,
        null,
        null,
        null,
        null,
        null,
        null,
        1,
        null,
        null,
        null,
        null,
        1,
        null,
        null,
        1,
        1,
        null,
        null,
        1,
        1,
        null,
        null,
        1,
        null,
        null,
        1,
        null,
        null,
        null,
        null,
        1,
        null,
        null,
        1,
        null,
        null,
        1,
        null,
        null,
        null,
        null
      ],
      "/Users/jackyeh/Desktop/hackers_education/Turing/projects/tiny_house_dash/config/initializers/assets.rb": [
        null,
        null,
        null,
        1,
        null,
        null,
        null,
        null,
        null,
        null,
        null
      ],
      "/Users/jackyeh/Desktop/hackers_education/Turing/projects/tiny_house_dash/config/initializers/backtrace_silencers.rb": [
        null,
        null,
        null,
        null,
        null,
        null,
        null
      ],
      "/Users/jackyeh/Desktop/hackers_education/Turing/projects/tiny_house_dash/config/initializers/cookies_serializer.rb": [
        null,
        null,
        1
      ],
      "/Users/jackyeh/Desktop/hackers_education/Turing/projects/tiny_house_dash/config/initializers/filter_parameter_logging.rb": [
        null,
        null,
        null,
        1
      ],
      "/Users/jackyeh/Desktop/hackers_education/Turing/projects/tiny_house_dash/config/initializers/inflections.rb": [
        null,
        null,
        null,
        null,
        null,
        null,
        null,
        null,
        null,
        null,
        null,
        null,
        null,
        null,
        null,
        null
      ],
      "/Users/jackyeh/Desktop/hackers_education/Turing/projects/tiny_house_dash/config/initializers/mime_types.rb": [
        null,
        null,
        null,
        null
      ],
      "/Users/jackyeh/Desktop/hackers_education/Turing/projects/tiny_house_dash/config/initializers/session_store.rb": [
        null,
        null,
        1
      ],
      "/Users/jackyeh/Desktop/hackers_education/Turing/projects/tiny_house_dash/config/initializers/wrap_parameters.rb": [
        null,
        null,
        null,
        null,
        null,
        null,
        1,
        1,
        null,
        null,
        null,
        null,
        null,
        null
      ],
      "/Users/jackyeh/Desktop/hackers_education/Turing/projects/tiny_house_dash/config/routes.rb": [
        1,
        1,
        1,
        1,
        null,
        1,
        1,
        null,
        null,
        null,
        null,
        1,
        1,
        1,
        1,
        null,
        null,
        null,
        null,
        null,
        null,
        null,
        null,
        null,
        null,
        null,
        null,
        null,
        null,
        null,
        null,
        null,
        null,
        null,
        null,
        null,
        null,
        null,
        null,
        null,
        null,
        null,
        null,
        null,
        null,
        null,
        null,
        null,
        null,
        null,
        null,
        null,
        null,
        null,
        null,
        null,
        null,
        null,
        null,
        null,
        null,
        null,
        null,
        null,
        null
      ],
      "/Users/jackyeh/Desktop/hackers_education/Turing/projects/tiny_house_dash/app/helpers/application_helper.rb": [
        1,
        null
      ],
      "/Users/jackyeh/Desktop/hackers_education/Turing/projects/tiny_house_dash/app/helpers/categories_helper.rb": [
        1,
        null
      ],
      "/Users/jackyeh/Desktop/hackers_education/Turing/projects/tiny_house_dash/app/helpers/items_helper.rb": [
        1,
        null
      ],
      "/Users/jackyeh/Desktop/hackers_education/Turing/projects/tiny_house_dash/app/helpers/sessions_helper.rb": [
        1,
        null
      ],
      "/Users/jackyeh/Desktop/hackers_education/Turing/projects/tiny_house_dash/app/helpers/static_pages_helper.rb": [
        1,
        null
      ],
      "/Users/jackyeh/Desktop/hackers_education/Turing/projects/tiny_house_dash/app/helpers/user_stories_helper.rb": [
        1,
        null
      ],
      "/Users/jackyeh/Desktop/hackers_education/Turing/projects/tiny_house_dash/app/helpers/users_helper.rb": [
        1,
        null
      ],
      "/Users/jackyeh/Desktop/hackers_education/Turing/projects/tiny_house_dash/app/controllers/categories_controller.rb": [
        1,
        1,
        null,
        1,
        0,
        null,
        null,
        1,
        0,
        null,
        null,
        1,
        4,
        null,
        null,
        1,
        0,
        0,
        null,
        null,
        1,
        0,
        null,
        null,
        1,
        0,
        0,
        null,
        null,
        1,
        0,
        null,
        null,
        1,
        null,
        1,
        0,
        null,
        null
      ],
      "/Users/jackyeh/Desktop/hackers_education/Turing/projects/tiny_house_dash/app/controllers/application_controller.rb": [
        1,
        null,
        null,
        1,
        null,
        1,
        null,
        1,
        12,
        null,
        1,
        null,
        1,
        0,
        null,
        null
      ],
      "/Users/jackyeh/Desktop/hackers_education/Turing/projects/tiny_house_dash/app/controllers/items_controller.rb": [
        1,
        1,
        null,
        1,
        0,
        null,
        null,
        1,
        0,
        null,
        null,
        1,
        0,
        null,
        null,
        1,
        1,
        1,
        null,
        null,
        1,
        0,
        0,
        null,
        null,
        1,
        null,
        1,
        1,
        null,
        null
      ],
      "/Users/jackyeh/Desktop/hackers_education/Turing/projects/tiny_house_dash/app/controllers/static_pages_controller.rb": [
        1,
        1,
        4,
        null,
        null
      ],
      "/Users/jackyeh/Desktop/hackers_education/Turing/projects/tiny_house_dash/app/controllers/user_stories_controller.rb": [
        1,
        1,
        null,
        1,
        4,
        null,
        null
      ],
      "/Users/jackyeh/Desktop/hackers_education/Turing/projects/tiny_house_dash/app/models/category.rb": [
        1,
        1,
        1,
        null
      ],
      "/Users/jackyeh/Desktop/hackers_education/Turing/projects/tiny_house_dash/app/models/item.rb": [
        1,
        1,
        null
      ],
      "/Users/jackyeh/Desktop/hackers_education/Turing/projects/tiny_house_dash/app/models/user.rb": [
        1,
        1,
        null,
        1,
        null
      ],
      "/Users/jackyeh/Desktop/hackers_education/Turing/projects/tiny_house_dash/app/models/user_story.rb": [
        1,
        1,
        null,
        null
      ]
    },
    "timestamp": 1434577881
  }
}
